start->(-1, -1)
{->(-1, -1)
integer->(-1, -1)
id->(0, 0)
;->(-1, -1)
integer->(-1, -1)
id->(9, 0)
;->(-1, -1)
integer->(-1, -1)
id->(1, 0)
;->(-1, -1)
integer->(-1, -1)
id->(8, 0)
;->(-1, -1)
id->(1, 0)
=->(-1, -1)
const->(8, 1)
;->(-1, -1)
read->(-1, -1)
id->(0, 0)
;->(-1, -1)
read->(-1, -1)
id->(9, 0)
;->(-1, -1)
for->(-1, -1)
(->(-1, -1)
id->(5, 0)
=->(-1, -1)
const->(8, 1)
;->(-1, -1)
id->(5, 0)
<->(-1, -1)
id->(0, 0)
;->(-1, -1)
id->(5, 0)
=->(-1, -1)
id->(5, 0)
+->(-1, -1)
const->(9, 1)
)->(-1, -1)
{->(-1, -1)
read->(-1, -1)
id->(8, 0)
;->(-1, -1)
if->(-1, -1)
(->(-1, -1)
id->(8, 0)
>->(-1, -1)
id->(9, 0)
)->(-1, -1)
{->(-1, -1)
id->(1, 0)
=->(-1, -1)
id->(1, 0)
+->(-1, -1)
id->(8, 0)
;->(-1, -1)
}->(-1, -1)
}->(-1, -1)
write->(-1, -1)
id->(1, 0)
;->(-1, -1)
}->(-1, -1)
